<?xml version="1.0" encoding="UTF-8"?>
<robot generator="Robot 7.1.1 (Python 3.13.1 on win32)" generated="2025-04-10T15:58:55.679799" rpa="false" schemaversion="5">
<suite id="s1" name="Test Ttb" source="E:\project\ttb_test\Test_Ttb">
<suite id="s1-s1" name="Test2" source="E:\project\ttb_test\Test_Ttb\test2">
<suite id="s1-s1-s1" name="Test Login" source="E:\project\ttb_test\Test_Ttb\test2\test_login.robot">
<kw name="Open Browser" owner="SeleniumLibrary" type="SETUP">
<msg time="2025-04-10T15:58:55.859971" level="INFO">Opening browser 'firefox' to base url 'http://the-internet.herokuapp.com/login'.</msg>
<arg>http://the-internet.herokuapp.com/login</arg>
<doc>Opens a new browser instance to the optional ``url``.</doc>
<status status="PASS" start="2025-04-10T15:58:55.859846" elapsed="15.305368"/>
</kw>
<test id="s1-s1-s1-t1" name="Login success" line="9">
<kw name="Wait Until Element Is Visible" owner="SeleniumLibrary">
<arg>id=username</arg>
<doc>Waits until the element ``locator`` is visible.</doc>
<status status="PASS" start="2025-04-10T15:59:11.165665" elapsed="0.037802"/>
</kw>
<kw name="Input Text" owner="SeleniumLibrary">
<msg time="2025-04-10T15:59:11.203818" level="INFO">Typing text 'tomsmith' into text field 'id=username'.</msg>
<arg>id=username</arg>
<arg>tomsmith</arg>
<doc>Types the given ``text`` into the text field identified by ``locator``.</doc>
<status status="PASS" start="2025-04-10T15:59:11.203687" elapsed="0.025133"/>
</kw>
<kw name="Input Text" owner="SeleniumLibrary">
<msg time="2025-04-10T15:59:11.229159" level="INFO">Typing text 'SuperSecretPassword!' into text field 'id=password'.</msg>
<arg>id=password</arg>
<arg>SuperSecretPassword!</arg>
<doc>Types the given ``text`` into the text field identified by ``locator``.</doc>
<status status="PASS" start="2025-04-10T15:59:11.229029" elapsed="0.006137"/>
</kw>
<kw name="Click Button" owner="SeleniumLibrary">
<msg time="2025-04-10T15:59:11.235442" level="INFO">Clicking button 'css:button[type='submit']'.</msg>
<arg>css:button[type='submit']</arg>
<doc>Clicks the button identified by ``locator``.</doc>
<status status="PASS" start="2025-04-10T15:59:11.235334" elapsed="0.576405"/>
</kw>
<kw name="Go To" owner="SeleniumLibrary" type="TEARDOWN">
<msg time="2025-04-10T15:59:11.812061" level="INFO">Opening url 'http://the-internet.herokuapp.com/login'</msg>
<arg>http://the-internet.herokuapp.com/login</arg>
<doc>Navigates the current browser window to the provided ``url``.</doc>
<status status="PASS" start="2025-04-10T15:59:11.811977" elapsed="0.287041"/>
</kw>
<status status="PASS" start="2025-04-10T15:59:11.165344" elapsed="0.933820"/>
</test>
<test id="s1-s1-s1-t2" name="Login failed -Password incorrect" line="16">
<kw name="Wait Until Element Is Visible" owner="SeleniumLibrary">
<arg>id=username</arg>
<doc>Waits until the element ``locator`` is visible.</doc>
<status status="PASS" start="2025-04-10T15:59:12.099699" elapsed="0.005359"/>
</kw>
<kw name="Input Text" owner="SeleniumLibrary">
<msg time="2025-04-10T15:59:12.105379" level="INFO">Typing text 'tomsmith' into text field 'id=username'.</msg>
<arg>id=username</arg>
<arg>tomsmith</arg>
<doc>Types the given ``text`` into the text field identified by ``locator``.</doc>
<status status="PASS" start="2025-04-10T15:59:12.105237" elapsed="0.007579"/>
</kw>
<kw name="Input Text" owner="SeleniumLibrary">
<msg time="2025-04-10T15:59:12.113137" level="INFO">Typing text 'Password!' into text field 'id=password'.</msg>
<arg>id=password</arg>
<arg>Password!</arg>
<doc>Types the given ``text`` into the text field identified by ``locator``.</doc>
<status status="PASS" start="2025-04-10T15:59:12.113014" elapsed="0.004633"/>
</kw>
<kw name="Click Button" owner="SeleniumLibrary">
<msg time="2025-04-10T15:59:12.118001" level="INFO">Clicking button 'css:button[type='submit']'.</msg>
<arg>css:button[type='submit']</arg>
<doc>Clicks the button identified by ``locator``.</doc>
<status status="PASS" start="2025-04-10T15:59:12.117852" elapsed="0.551955"/>
</kw>
<kw name="Wait Until Element Is Visible" owner="SeleniumLibrary">
<arg>xpath=//*[@id="flash"]</arg>
<doc>Waits until the element ``locator`` is visible.</doc>
<status status="PASS" start="2025-04-10T15:59:12.670053" elapsed="0.005864"/>
</kw>
<kw name="Get Text" owner="SeleniumLibrary">
<msg time="2025-04-10T15:59:12.680545" level="INFO">${alert_text} = Your password is invalid!
×</msg>
<var>${alert_text}</var>
<arg>xpath=//*[@id="flash"]</arg>
<doc>Returns the text value of the element identified by ``locator``.</doc>
<status status="PASS" start="2025-04-10T15:59:12.676096" elapsed="0.004479"/>
</kw>
<kw name="Split String" owner="String">
<msg time="2025-04-10T15:59:12.680955" level="INFO">${fact_word} = ['Your password is invalid!', '×']</msg>
<var>${fact_word}</var>
<arg>${alert_text}</arg>
<arg>\n</arg>
<doc>Splits the ``string`` using ``separator`` as a delimiter string.</doc>
<status status="PASS" start="2025-04-10T15:59:12.680816" elapsed="0.000154"/>
</kw>
<kw name="Log" owner="BuiltIn">
<msg time="2025-04-10T15:59:12.681156" level="INFO">Your password is invalid!</msg>
<arg>${fact_word}[0]</arg>
<doc>Logs the given message with the given level.</doc>
<status status="PASS" start="2025-04-10T15:59:12.681078" elapsed="0.000099"/>
</kw>
<kw name="Should Be Equal" owner="BuiltIn">
<arg>${fact_word}[0]</arg>
<arg>Your password is invalid!</arg>
<doc>Fails if the given objects are unequal.</doc>
<status status="PASS" start="2025-04-10T15:59:12.681255" elapsed="0.000090"/>
</kw>
<kw name="Go To" owner="SeleniumLibrary" type="TEARDOWN">
<msg time="2025-04-10T15:59:12.681652" level="INFO">Opening url 'http://the-internet.herokuapp.com/login'</msg>
<arg>http://the-internet.herokuapp.com/login</arg>
<doc>Navigates the current browser window to the provided ``url``.</doc>
<status status="PASS" start="2025-04-10T15:59:12.681582" elapsed="0.281757"/>
</kw>
<status status="PASS" start="2025-04-10T15:59:12.099490" elapsed="0.863993"/>
</test>
<test id="s1-s1-s1-t3" name="Login failed -Username not found" line="28">
<kw name="Wait Until Element Is Visible" owner="SeleniumLibrary">
<arg>id=username</arg>
<doc>Waits until the element ``locator`` is visible.</doc>
<status status="PASS" start="2025-04-10T15:59:12.964083" elapsed="0.004580"/>
</kw>
<kw name="Input Text" owner="SeleniumLibrary">
<msg time="2025-04-10T15:59:12.968935" level="INFO">Typing text 'tomholland' into text field 'id=username'.</msg>
<arg>id=username</arg>
<arg>tomholland</arg>
<doc>Types the given ``text`` into the text field identified by ``locator``.</doc>
<status status="PASS" start="2025-04-10T15:59:12.968820" elapsed="0.007314"/>
</kw>
<kw name="Input Text" owner="SeleniumLibrary">
<msg time="2025-04-10T15:59:12.976607" level="INFO">Typing text 'Password!' into text field 'id=password'.</msg>
<arg>id=password</arg>
<arg>Password!</arg>
<doc>Types the given ``text`` into the text field identified by ``locator``.</doc>
<status status="PASS" start="2025-04-10T15:59:12.976460" elapsed="0.004801"/>
</kw>
<kw name="Click Button" owner="SeleniumLibrary">
<msg time="2025-04-10T15:59:12.981522" level="INFO">Clicking button 'css:button[type='submit']'.</msg>
<arg>css:button[type='submit']</arg>
<doc>Clicks the button identified by ``locator``.</doc>
<status status="PASS" start="2025-04-10T15:59:12.981415" elapsed="0.546560"/>
</kw>
<kw name="Wait Until Element Is Visible" owner="SeleniumLibrary">
<arg>xpath=//*[@id="flash"]</arg>
<doc>Waits until the element ``locator`` is visible.</doc>
<status status="PASS" start="2025-04-10T15:59:13.528186" elapsed="0.004251"/>
</kw>
<kw name="Get Text" owner="SeleniumLibrary">
<msg time="2025-04-10T15:59:13.536488" level="INFO">${alert_text} = Your username is invalid!
×</msg>
<var>${alert_text}</var>
<arg>xpath=//*[@id="flash"]</arg>
<doc>Returns the text value of the element identified by ``locator``.</doc>
<status status="PASS" start="2025-04-10T15:59:13.532591" elapsed="0.003924"/>
</kw>
<kw name="Split String" owner="String">
<msg time="2025-04-10T15:59:13.536836" level="INFO">${fact_word} = ['Your username is invalid!', '×']</msg>
<var>${fact_word}</var>
<arg>${alert_text}</arg>
<arg>\n</arg>
<doc>Splits the ``string`` using ``separator`` as a delimiter string.</doc>
<status status="PASS" start="2025-04-10T15:59:13.536701" elapsed="0.000217"/>
</kw>
<kw name="Log" owner="BuiltIn">
<msg time="2025-04-10T15:59:13.537156" level="INFO">Your username is invalid!</msg>
<arg>${fact_word}[0]</arg>
<doc>Logs the given message with the given level.</doc>
<status status="PASS" start="2025-04-10T15:59:13.537059" elapsed="0.000121"/>
</kw>
<kw name="Should Be Equal" owner="BuiltIn">
<arg>${fact_word}[0]</arg>
<arg>Your username is invalid!</arg>
<doc>Fails if the given objects are unequal.</doc>
<status status="PASS" start="2025-04-10T15:59:13.537263" elapsed="0.000087"/>
</kw>
<kw name="Go To" owner="SeleniumLibrary" type="TEARDOWN">
<msg time="2025-04-10T15:59:13.537578" level="INFO">Opening url 'http://the-internet.herokuapp.com/login'</msg>
<arg>http://the-internet.herokuapp.com/login</arg>
<doc>Navigates the current browser window to the provided ``url``.</doc>
<status status="PASS" start="2025-04-10T15:59:13.537518" elapsed="0.286118"/>
</kw>
<status status="PASS" start="2025-04-10T15:59:12.963865" elapsed="0.859916"/>
</test>
<kw name="Close Browser" owner="SeleniumLibrary" type="TEARDOWN">
<doc>Closes the current browser.</doc>
<status status="PASS" start="2025-04-10T15:59:13.824210" elapsed="2.524824"/>
</kw>
<status status="PASS" start="2025-04-10T15:58:55.697699" elapsed="20.651390"/>
</suite>
<status status="PASS" start="2025-04-10T15:58:55.697022" elapsed="20.652633"/>
</suite>
<suite id="s1-s2" name="Test3" source="E:\project\ttb_test\Test_Ttb\test3">
<suite id="s1-s2-s1" name="Get Api" source="E:\project\ttb_test\Test_Ttb\test3\get_api.robot">
<test id="s1-s2-s1-t1" name="Get user profile success" line="6">
<kw name="Send Request Api" owner="keyword">
<kw name="Create Session" owner="RequestsLibrary">
<msg time="2025-04-10T15:59:16.562329" level="INFO">Creating Session using : alias=request_login, url=https://reqres.in, headers={},                     cookies={}, auth=None, timeout=None, proxies=None, verify=False,                     debug=0 </msg>
<arg>request_login</arg>
<arg>https://reqres.in</arg>
<doc>Create Session: create a HTTP session to a server</doc>
<status status="PASS" start="2025-04-10T15:59:16.562270" elapsed="0.000155"/>
</kw>
<kw name="GET On Session" owner="RequestsLibrary">
<msg time="2025-04-10T15:59:17.251718" level="INFO">GET Request : url=https://reqres.in/api/users/12 
 path_url=/api/users/12 
 headers={'User-Agent': 'python-requests/2.32.3', 'Accept-Encoding': 'gzip, deflate', 'Accept': '*/*', 'Connection': 'keep-alive'} 
 body=None 
 </msg>
<msg time="2025-04-10T15:59:17.251799" level="INFO">GET Response : url=https://reqres.in/api/users/12 
 status=200, reason=OK 
 headers={'Date': 'Thu, 10 Apr 2025 08:59:18 GMT', 'Content-Type': 'application/json; charset=utf-8', 'Transfer-Encoding': 'chunked', 'Connection': 'keep-alive', 'Content-Encoding': 'gzip', 'Cf-Ray': '92e10c1ceb193e68-BKK', 'Report-To': '{"group":"heroku-nel","max_age":3600,"endpoints":[{"url":"https://nel.heroku.com/reports?ts=1744275558&amp;sid=c4c9725f-1ab0-44d8-820f-430df2718e11&amp;s=DJNBLzekaOjD9469yOSyFv9qCQZrZVVJzi6iE22J%2F5U%3D"}]}', 'Reporting-Endpoints': 'heroku-nel=https://nel.heroku.com/reports?ts=1744275558&amp;sid=c4c9725f-1ab0-44d8-820f-430df2718e11&amp;s=DJNBLzekaOjD9469yOSyFv9qCQZrZVVJzi6iE22J%2F5U%3D', 'Nel': '{"report_to":"heroku-nel","max_age":3600,"success_fraction":0.005,"failure_fraction":0.05,"response_headers":["Via"]}', 'X-Powered-By': 'Express', 'Access-Control-Allow-Origin': '*', 'Etag': 'W/"156-dRpOqAStViWxQQvYl7n1A1GXGFw"', 'Via': '1.1 vegur', 'Cache-Control': 'max-age=14400', 'Cf-Cache-Status': 'MISS', 'Vary': 'Accept-Encoding', 'Server': 'cloudflare', 'server-timing': 'cfL4;desc="?proto=TCP&amp;rtt=4295&amp;min_rtt=3806&amp;rtt_var=1841&amp;sent=5&amp;recv=6&amp;lost=0&amp;retrans=0&amp;sent_bytes=2836&amp;recv_bytes=771&amp;delivery_rate=714661&amp;cwnd=252&amp;unsent_bytes=0&amp;cid=e8d1179205325d84&amp;ts=664&amp;x=0"'} 
 body={"data":{"id":12,"email":"rachel.howell@reqres.in","first_name":"Rachel","last_name":"Howell","avatar":"https://reqres.in/img/faces/12-image.jpg"},"support":{"url":"https://contentcaddy.io?utm_source=reqres&amp;utm_medium=json&amp;utm_campaign=referral","text":"Tired of writing endless social media content? Let Content Caddy generate it for you."}} 
 </msg>
<msg time="2025-04-10T15:59:17.251845" level="INFO">C:\Users\PeeBaNko\AppData\Local\Programs\Python\Python313\Lib\site-packages\urllib3\connectionpool.py:1097: InsecureRequestWarning: Unverified HTTPS request is being made to host 'reqres.in'. Adding certificate verification is strongly advised. See: https://urllib3.readthedocs.io/en/latest/advanced-usage.html#tls-warnings
  warnings.warn(</msg>
<msg time="2025-04-10T15:59:17.252054" level="INFO">${response} = &lt;Response [200]&gt;</msg>
<var>${response}</var>
<arg>request_login</arg>
<arg>/api/users/12</arg>
<arg>expected_status=200</arg>
<doc>Sends a GET request on a previously created HTTP Session.</doc>
<status status="PASS" start="2025-04-10T15:59:16.562479" elapsed="0.689598"/>
</kw>
<return>
<value>${response.json()}</value>
<status status="PASS" start="2025-04-10T15:59:17.252127" elapsed="0.000036"/>
</return>
<msg time="2025-04-10T15:59:17.252429" level="INFO">${response} = {'data': {'id': 12, 'email': 'rachel.howell@reqres.in', 'first_name': 'Rachel', 'last_name': 'Howell', 'avatar': 'https://reqres.in/img/faces/12-image.jpg'}, 'support': {'url': 'https://contentcaddy.i...</msg>
<var>${response}</var>
<status status="PASS" start="2025-04-10T15:59:16.562110" elapsed="0.690333"/>
</kw>
<kw name="Expect Results Api" owner="keyword">
<kw name="Should Be Equal" owner="BuiltIn">
<arg>${response["data"]["id"]}</arg>
<arg>${12}</arg>
<doc>Fails if the given objects are unequal.</doc>
<status status="PASS" start="2025-04-10T15:59:17.252785" elapsed="0.000293"/>
</kw>
<kw name="Should Be Equal" owner="BuiltIn">
<arg>${response["data"]["email"]}</arg>
<arg>rachel.howell@reqres.in</arg>
<doc>Fails if the given objects are unequal.</doc>
<status status="PASS" start="2025-04-10T15:59:17.253130" elapsed="0.000160"/>
</kw>
<kw name="Should Be Equal" owner="BuiltIn">
<arg>${response["data"]["first_name"]}</arg>
<arg>Rachel</arg>
<doc>Fails if the given objects are unequal.</doc>
<status status="PASS" start="2025-04-10T15:59:17.253340" elapsed="0.000161"/>
</kw>
<kw name="Should Be Equal" owner="BuiltIn">
<arg>${response["data"]["last_name"]}</arg>
<arg>Howell</arg>
<doc>Fails if the given objects are unequal.</doc>
<status status="PASS" start="2025-04-10T15:59:17.253552" elapsed="0.000163"/>
</kw>
<kw name="Should Be Equal" owner="BuiltIn">
<arg>${response["data"]["avatar"]}</arg>
<arg>https://reqres.in/img/faces/12-image.jpg</arg>
<doc>Fails if the given objects are unequal.</doc>
<status status="PASS" start="2025-04-10T15:59:17.253763" elapsed="0.000162"/>
</kw>
<arg>${response}</arg>
<status status="PASS" start="2025-04-10T15:59:17.252619" elapsed="0.001336"/>
</kw>
<status status="PASS" start="2025-04-10T15:59:16.561824" elapsed="0.692206"/>
</test>
<test id="s1-s2-s1-t2" name="Get user profile but user not found" line="10">
<kw name="Send Request Api Error" owner="keyword">
<kw name="Create Session" owner="RequestsLibrary">
<msg time="2025-04-10T15:59:17.254637" level="INFO">Creating Session using : alias=request_login, url=https://reqres.in, headers={},                     cookies={}, auth=None, timeout=None, proxies=None, verify=False,                     debug=0 </msg>
<arg>request_login</arg>
<arg>https://reqres.in</arg>
<doc>Create Session: create a HTTP session to a server</doc>
<status status="PASS" start="2025-04-10T15:59:17.254585" elapsed="0.000133"/>
</kw>
<kw name="GET On Session" owner="RequestsLibrary">
<msg time="2025-04-10T15:59:17.754693" level="INFO">GET Request : url=https://reqres.in/api/users/1234 
 path_url=/api/users/1234 
 headers={'User-Agent': 'python-requests/2.32.3', 'Accept-Encoding': 'gzip, deflate', 'Accept': '*/*', 'Connection': 'keep-alive'} 
 body=None 
 </msg>
<msg time="2025-04-10T15:59:17.754809" level="INFO">GET Response : url=https://reqres.in/api/users/1234 
 status=404, reason=Not Found 
 headers={'Date': 'Thu, 10 Apr 2025 08:59:19 GMT', 'Content-Type': 'application/json; charset=utf-8', 'Transfer-Encoding': 'chunked', 'Connection': 'keep-alive', 'Cf-Ray': '92e10c2129d7f4cf-BKK', 'Server': 'cloudflare', 'Report-To': '{"group":"heroku-nel","max_age":3600,"endpoints":[{"url":"https://nel.heroku.com/reports?ts=1744275558&amp;sid=c4c9725f-1ab0-44d8-820f-430df2718e11&amp;s=DJNBLzekaOjD9469yOSyFv9qCQZrZVVJzi6iE22J%2F5U%3D"}]}', 'Reporting-Endpoints': 'heroku-nel=https://nel.heroku.com/reports?ts=1744275558&amp;sid=c4c9725f-1ab0-44d8-820f-430df2718e11&amp;s=DJNBLzekaOjD9469yOSyFv9qCQZrZVVJzi6iE22J%2F5U%3D', 'Nel': '{"report_to":"heroku-nel","max_age":3600,"success_fraction":0.005,"failure_fraction":0.05,"response_headers":["Via"]}', 'X-Powered-By': 'Express', 'Access-Control-Allow-Origin': '*', 'Etag': 'W/"2-vyGp6PvFo4RvsFtPoIWeCReyIC8"', 'Via': '1.1 vegur', 'Cache-Control': 'max-age=14400', 'Cf-Cache-Status': 'MISS', 'Vary': 'Accept-Encoding', 'Content-Encoding': 'gzip', 'server-timing': 'cfL4;desc="?proto=TCP&amp;rtt=3997&amp;min_rtt=3904&amp;rtt_var=1260&amp;sent=5&amp;recv=6&amp;lost=0&amp;retrans=0&amp;sent_bytes=2838&amp;recv_bytes=773&amp;delivery_rate=946855&amp;cwnd=252&amp;unsent_bytes=0&amp;cid=148c074c8efb65c1&amp;ts=482&amp;x=0"'} 
 body={} 
 </msg>
<msg time="2025-04-10T15:59:17.754854" level="INFO">C:\Users\PeeBaNko\AppData\Local\Programs\Python\Python313\Lib\site-packages\urllib3\connectionpool.py:1097: InsecureRequestWarning: Unverified HTTPS request is being made to host 'reqres.in'. Adding certificate verification is strongly advised. See: https://urllib3.readthedocs.io/en/latest/advanced-usage.html#tls-warnings
  warnings.warn(</msg>
<msg time="2025-04-10T15:59:17.755072" level="INFO">${response} = &lt;Response [404]&gt;</msg>
<var>${response}</var>
<arg>request_login</arg>
<arg>/api/users/1234</arg>
<arg>expected_status=404</arg>
<doc>Sends a GET request on a previously created HTTP Session.</doc>
<status status="PASS" start="2025-04-10T15:59:17.254768" elapsed="0.500325"/>
</kw>
<return>
<value>${response.json()}</value>
<status status="PASS" start="2025-04-10T15:59:17.755144" elapsed="0.000031"/>
</return>
<msg time="2025-04-10T15:59:17.755408" level="INFO">${response} = {}</msg>
<var>${response}</var>
<status status="PASS" start="2025-04-10T15:59:17.254462" elapsed="0.500959"/>
</kw>
<kw name="Expect Results Api Error" owner="keyword">
<kw name="Should Be Equal" owner="BuiltIn">
<arg>'${response}'</arg>
<arg>'{}'</arg>
<doc>Fails if the given objects are unequal.</doc>
<status status="PASS" start="2025-04-10T15:59:17.755733" elapsed="0.000089"/>
</kw>
<arg>${response}</arg>
<status status="PASS" start="2025-04-10T15:59:17.755576" elapsed="0.000277"/>
</kw>
<status status="PASS" start="2025-04-10T15:59:17.254248" elapsed="0.501682"/>
</test>
<status status="PASS" start="2025-04-10T15:59:16.350829" elapsed="1.405352"/>
</suite>
<status status="PASS" start="2025-04-10T15:59:16.350011" elapsed="1.406562"/>
</suite>
<status status="PASS" start="2025-04-10T15:58:55.680516" elapsed="22.076402"/>
</suite>
<statistics>
<total>
<stat pass="5" fail="0" skip="0">All Tests</stat>
</total>
<tag>
</tag>
<suite>
<stat pass="5" fail="0" skip="0" id="s1" name="Test Ttb">Test Ttb</stat>
<stat pass="3" fail="0" skip="0" id="s1-s1" name="Test2">Test Ttb.Test2</stat>
<stat pass="3" fail="0" skip="0" id="s1-s1-s1" name="Test Login">Test Ttb.Test2.Test Login</stat>
<stat pass="2" fail="0" skip="0" id="s1-s2" name="Test3">Test Ttb.Test3</stat>
<stat pass="2" fail="0" skip="0" id="s1-s2-s1" name="Get Api">Test Ttb.Test3.Get Api</stat>
</suite>
</statistics>
<errors>
</errors>
</robot>
